[ 2018-05-22T09:27:43+08:00 ] ::1 /ap_alter/beijing
INFO: [ app_init ] --START--
INFO: Run Behavior\BuildLiteBehavior [ RunTime:0.000110s ]
INFO: [ app_init ] --END-- [ RunTime:0.014881s ]

[ 2018-05-22T09:27:52+08:00 ] ::1 /ap_alter/beijing/index/login
INFO: [ app_init ] --START--
INFO: Run Behavior\BuildLiteBehavior [ RunTime:0.000084s ]
INFO: [ app_init ] --END-- [ RunTime:0.000952s ]

[ 2018-05-22T09:27:53+08:00 ] ::1 /ap_alter/beijing/index/dg_main
INFO: [ app_init ] --START--
INFO: Run Behavior\BuildLiteBehavior [ RunTime:0.000189s ]
INFO: [ app_init ] --END-- [ RunTime:0.002063s ]

[ 2018-05-22T09:27:59+08:00 ] ::1 /ap_alter/beijing/Stock/storage_management
INFO: [ app_init ] --START--
INFO: Run Behavior\BuildLiteBehavior [ RunTime:0.000086s ]
INFO: [ app_init ] --END-- [ RunTime:0.001024s ]

[ 2018-05-22T09:28:15+08:00 ] ::1 /ap_alter/beijing/Stock/warehouse_management
INFO: [ app_init ] --START--
INFO: Run Behavior\BuildLiteBehavior [ RunTime:0.000125s ]
INFO: [ app_init ] --END-- [ RunTime:0.001292s ]

[ 2018-05-22T09:47:26+08:00 ] ::1 /ap_alter/beijing/Stock/index
INFO: [ app_init ] --START--
INFO: Run Behavior\BuildLiteBehavior [ RunTime:0.000147s ]
INFO: [ app_init ] --END-- [ RunTime:0.001588s ]

[ 2018-05-22T09:47:38+08:00 ] ::1 /ap_alter/beijing/product/p_logs
INFO: [ app_init ] --START--
INFO: Run Behavior\BuildLiteBehavior [ RunTime:0.000081s ]
INFO: [ app_init ] --END-- [ RunTime:0.000799s ]

[ 2018-05-22T09:47:52+08:00 ] ::1 /ap_alter/beijing/Stock/storage_management
INFO: [ app_init ] --START--
INFO: Run Behavior\BuildLiteBehavior [ RunTime:0.000245s ]
INFO: [ app_init ] --END-- [ RunTime:0.002444s ]

[ 2018-05-22T09:48:06+08:00 ] ::1 /ap_alter/beijing/Stock/warehouse_management
INFO: [ app_init ] --START--
INFO: Run Behavior\BuildLiteBehavior [ RunTime:0.000213s ]
INFO: [ app_init ] --END-- [ RunTime:0.002423s ]

[ 2018-05-22T09:48:21+08:00 ] ::1 /ap_alter/beijing/Stock/index
INFO: [ app_init ] --START--
INFO: Run Behavior\BuildLiteBehavior [ RunTime:0.000162s ]
INFO: [ app_init ] --END-- [ RunTime:0.001684s ]

[ 2018-05-22T09:48:32+08:00 ] ::1 /ap_alter/beijing/Stock/index
INFO: [ app_init ] --START--
INFO: Run Behavior\BuildLiteBehavior [ RunTime:0.000087s ]
INFO: [ app_init ] --END-- [ RunTime:0.000874s ]

[ 2018-05-22T09:49:59+08:00 ] ::1 /ap_alter/beijing/product/p_logs
INFO: [ app_init ] --START--
INFO: Run Behavior\BuildLiteBehavior [ RunTime:0.000114s ]
INFO: [ app_init ] --END-- [ RunTime:0.001086s ]

[ 2018-05-22T09:50:01+08:00 ] ::1 /ap_alter/beijing/product/p_logs/p/2.html
INFO: [ app_init ] --START--
INFO: Run Behavior\BuildLiteBehavior [ RunTime:0.000146s ]
INFO: [ app_init ] --END-- [ RunTime:0.001521s ]

[ 2018-05-22T09:50:02+08:00 ] ::1 /ap_alter/beijing/product/p_logs/p/3.html
INFO: [ app_init ] --START--
INFO: Run Behavior\BuildLiteBehavior [ RunTime:0.000242s ]
INFO: [ app_init ] --END-- [ RunTime:0.002308s ]

[ 2018-05-22T09:50:04+08:00 ] ::1 /ap_alter/beijing/product/p_logs/p/1.html
INFO: [ app_init ] --START--
INFO: Run Behavior\BuildLiteBehavior [ RunTime:0.000127s ]
INFO: [ app_init ] --END-- [ RunTime:0.001352s ]

[ 2018-05-22T11:15:12+08:00 ] ::1 /ap_alter/beijing/Stock/storage_management
INFO: [ app_init ] --START--
INFO: Run Behavior\BuildLiteBehavior [ RunTime:0.000154s ]
INFO: [ app_init ] --END-- [ RunTime:0.001511s ]

[ 2018-05-22T11:15:13+08:00 ] ::1 /ap_alter/beijing/Stock/print.html
INFO: [ app_init ] --START--
INFO: Run Behavior\BuildLiteBehavior [ RunTime:0.000163s ]
INFO: [ app_init ] --END-- [ RunTime:0.001674s ]

[ 2018-05-22T11:15:23+08:00 ] ::1 /ap_alter/beijing/order/neworder
INFO: [ app_init ] --START--
INFO: Run Behavior\BuildLiteBehavior [ RunTime:0.000100s ]
INFO: [ app_init ] --END-- [ RunTime:0.000919s ]

[ 2018-05-22T11:15:34+08:00 ] ::1 /ap_alter/beijing/Stock/storage_management
INFO: [ app_init ] --START--
INFO: Run Behavior\BuildLiteBehavior [ RunTime:0.000139s ]
INFO: [ app_init ] --END-- [ RunTime:0.001471s ]

[ 2018-05-22T11:15:36+08:00 ] ::1 /ap_alter/beijing/Stock/print.html
INFO: [ app_init ] --START--
INFO: Run Behavior\BuildLiteBehavior [ RunTime:0.000138s ]
INFO: [ app_init ] --END-- [ RunTime:0.001460s ]

[ 2018-05-22T11:15:49+08:00 ] ::1 /ap_alter/beijing/Stock/index
INFO: [ app_init ] --START--
INFO: Run Behavior\BuildLiteBehavior [ RunTime:0.000085s ]
INFO: [ app_init ] --END-- [ RunTime:0.000956s ]

[ 2018-05-22T11:17:02+08:00 ] ::1 /ap_alter/beijing/Stock/storage_management
INFO: [ app_init ] --START--
INFO: Run Behavior\BuildLiteBehavior [ RunTime:0.000147s ]
INFO: [ app_init ] --END-- [ RunTime:0.001566s ]

[ 2018-05-22T11:17:16+08:00 ] ::1 /ap_alter/beijing/Stock/print.html
INFO: [ app_init ] --START--
INFO: Run Behavior\BuildLiteBehavior [ RunTime:0.000080s ]
INFO: [ app_init ] --END-- [ RunTime:0.000881s ]

[ 2018-05-22T11:17:37+08:00 ] ::1 /ap_alter/beijing/Stock/warehouse_management
INFO: [ app_init ] --START--
INFO: Run Behavior\BuildLiteBehavior [ RunTime:0.000127s ]
INFO: [ app_init ] --END-- [ RunTime:0.001237s ]

[ 2018-05-22T11:17:53+08:00 ] ::1 /ap_alter/beijing/Stock/index
INFO: [ app_init ] --START--
INFO: Run Behavior\BuildLiteBehavior [ RunTime:0.000145s ]
INFO: [ app_init ] --END-- [ RunTime:0.001569s ]

